<?xml version="1.0" encoding="UTF-8"?>
<testsuite xmlns:xsi="http://www.w3.org/2001/XMLSchema-instance" xsi:schemaLocation="https://maven.apache.org/surefire/maven-surefire-plugin/xsd/surefire-test-report.xsd" name="com.cpruvost.helidonse.MainTest" time="2.271" tests="1" errors="0" skipped="0" failures="0">
  <properties>
    <property name="java.runtime.name" value="Java(TM) SE Runtime Environment"/>
    <property name="sun.boot.library.path" value="C:\Programmes\jdk8u261_64\jre\bin"/>
    <property name="java.vm.version" value="25.261-b12"/>
    <property name="java.vm.vendor" value="Oracle Corporation"/>
    <property name="maven.multiModuleProjectDirectory" value="C:\Programmes\sts-4.2.2.RELEASE\workspace\helidonse"/>
    <property name="java.vendor.url" value="http://java.oracle.com/"/>
    <property name="path.separator" value=";"/>
    <property name="guice.disable.misplaced.annotation.check" value="true"/>
    <property name="java.vm.name" value="Java HotSpot(TM) 64-Bit Server VM"/>
    <property name="file.encoding.pkg" value="sun.io"/>
    <property name="user.script" value=""/>
    <property name="user.country" value="US"/>
    <property name="sun.java.launcher" value="SUN_STANDARD"/>
    <property name="sun.os.patch.level" value=""/>
    <property name="java.vm.specification.name" value="Java Virtual Machine Specification"/>
    <property name="user.dir" value="C:\Programmes\sts-4.2.2.RELEASE\workspace\helidonse"/>
    <property name="java.runtime.version" value="1.8.0_261-b12"/>
    <property name="java.awt.graphicsenv" value="sun.awt.Win32GraphicsEnvironment"/>
    <property name="java.endorsed.dirs" value="C:\Programmes\jdk8u261_64\jre\lib\endorsed"/>
    <property name="os.arch" value="amd64"/>
    <property name="java.io.tmpdir" value="C:\Users\chris\AppData\Local\Temp\"/>
    <property name="line.separator" value="&#10;"/>
    <property name="java.vm.specification.vendor" value="Oracle Corporation"/>
    <property name="user.variant" value=""/>
    <property name="os.name" value="Windows 10"/>
    <property name="classworlds.conf" value="C:\Programmes\sts-4.2.2.RELEASE\workspace\.metadata\.plugins\org.eclipse.m2e.launching\launches\m2conf3174051893612582552.tmp"/>
    <property name="jansi.force" value="true"/>
    <property name="sun.jnu.encoding" value="Cp1252"/>
    <property name="java.library.path" value="C:\Programmes\jdk8u261_64\bin;C:\WINDOWS\Sun\Java\bin;C:\WINDOWS\system32;C:\WINDOWS;C:/Programmes/jdk8u261_64/bin/../jre/bin/server;C:/Programmes/jdk8u261_64/bin/../jre/bin;C:/Programmes/jdk8u261_64/bin/../jre/lib/amd64;C:\Programmes\jdk8u261_64\bin;C:\WINDOWS\system32;C:\WINDOWS;C:\WINDOWS\System32\Wbem;C:\WINDOWS\System32\WindowsPowerShell\v1.0\;C:\ProgramData\chocolatey\bin;C:\Program Files (x86)\Sennheiser\SoftphoneSDK\;C:\WINDOWS\System32\OpenSSH\;C:\Program Files\Git\cmd;C:\Program Files\nodejs\;C:\Program Files (x86)\IVI Foundation\VISA\WinNT\Bin;C:\Programmes\GoogleCloudSDK\google-cloud-sdk\bin;C:\Program Files\PuTTY\;C:\Users\chris\bin;C:\WINDOWS\system32\y;C:\Users\chris\AppData\Local\Programs\Python\Python36\Scripts\;C:\Users\chris\AppData\Local\Programs\Python\Python36\;C:\Users\chris\AppData\Local\Microsoft\WindowsApps;C:\Programmes\terraform;C:\Travail\Travail2018\Distributions\Free\minikube;C:\Travail\Travail2020\Distributions\Maven\apache-maven-3.6.1\bin;C:\Users\chris\AppData\Roaming\npm;C:\Programmes\vscode\bin;C:\Travail\Travail2020\Distributions\InstantClient19c\instantclient-basic-windows.x64-19.6.0.0.0dbru\instantclient_19_6;C:\Users\chris\AppData\Local\Microsoft\WindowsApps;C:\Travail\Travail2021\Download\Kafka\confluent-6.0.0\bin;;C:\Programmes\sts-4.2.2.RELEASE;;."/>
    <property name="jansi.passthrough" value="true"/>
    <property name="java.specification.name" value="Java Platform API Specification"/>
    <property name="java.class.version" value="52.0"/>
    <property name="sun.management.compiler" value="HotSpot 64-Bit Tiered Compilers"/>
    <property name="os.version" value="10.0"/>
    <property name="user.home" value="C:\Users\chris"/>
    <property name="user.timezone" value="Europe/Paris"/>
    <property name="java.awt.printerjob" value="sun.awt.windows.WPrinterJob"/>
    <property name="java.specification.version" value="1.8"/>
    <property name="file.encoding" value="UTF-8"/>
    <property name="user.name" value="chris"/>
    <property name="java.class.path" value="C:\Programmes\sts-4.2.2.RELEASE\plugins\org.eclipse.m2e.maven.runtime_1.15.0.20200310-1832\jars\plexus-classworlds-2.6.0.jar"/>
    <property name="java.vm.specification.version" value="1.8"/>
    <property name="sun.arch.data.model" value="64"/>
    <property name="java.home" value="C:\Programmes\jdk8u261_64\jre"/>
    <property name="sun.java.command" value="org.codehaus.plexus.classworlds.launcher.Launcher -B clean package -Dstyle.color=always"/>
    <property name="java.specification.vendor" value="Oracle Corporation"/>
    <property name="user.language" value="en"/>
    <property name="awt.toolkit" value="sun.awt.windows.WToolkit"/>
    <property name="java.vm.info" value="mixed mode"/>
    <property name="java.version" value="1.8.0_261"/>
    <property name="java.ext.dirs" value="C:\Programmes\jdk8u261_64\jre\lib\ext;C:\WINDOWS\Sun\Java\lib\ext"/>
    <property name="sun.boot.class.path" value="C:\Programmes\jdk8u261_64\jre\lib\resources.jar;C:\Programmes\jdk8u261_64\jre\lib\rt.jar;C:\Programmes\jdk8u261_64\jre\lib\sunrsasign.jar;C:\Programmes\jdk8u261_64\jre\lib\jsse.jar;C:\Programmes\jdk8u261_64\jre\lib\jce.jar;C:\Programmes\jdk8u261_64\jre\lib\charsets.jar;C:\Programmes\jdk8u261_64\jre\lib\jfr.jar;C:\Programmes\jdk8u261_64\jre\classes"/>
    <property name="java.vendor" value="Oracle Corporation"/>
    <property name="maven.home" value="C:\Programmes\sts-4.2.2.RELEASE\workspace\helidonse\EMBEDDED"/>
    <property name="style.color" value="always"/>
    <property name="file.separator" value="\"/>
    <property name="java.vendor.url.bug" value="http://bugreport.sun.com/bugreport/"/>
    <property name="sun.cpu.endian" value="little"/>
    <property name="sun.io.unicode.encoding" value="UnicodeLittle"/>
    <property name="sun.desktop" value="windows"/>
    <property name="sun.cpu.isalist" value="amd64"/>
  </properties>
  <testcase name="testHelloWorld" classname="com.cpruvost.helidonse.MainTest" time="0.506"/>
</testsuite>